<?xml version="1.0" encoding="UTF-8"?>
<!-- Generated by org.testng.reporters.JUnitReportReporter -->
<testsuite hostname="DESKTOP-EUFS7D5" failures="0" tests="1" name="runner.RunnerTest" time="8.049" errors="0" timestamp="2023-06-16T16:49:03 EET" skipped="0">
  <testcase classname="runner.RunnerTest" name="runScenario" time="8.049"/>
  <system-out/>
</testsuite> <!-- runner.RunnerTest -->
