<?xml version="1.0" encoding="UTF-8"?>
<!-- Generated by org.testng.reporters.JUnitReportReporter -->
<testsuite hostname="DESKTOP-EUFS7D5" failures="0" tests="1" name="TestRunner.RunnerTest" time="45.140" errors="0" timestamp="2023-06-18T00:11:59 EET" skipped="0">
  <testcase classname="TestRunner.RunnerTest" name="runScenario" time="45.140"/>
  <system-out/>
</testsuite> <!-- TestRunner.RunnerTest -->
