<?xml version="1.0" encoding="UTF-8"?>
<!-- Generated by org.testng.reporters.JUnitReportReporter -->
<testsuite hostname="DESKTOP-EUFS7D5" failures="0" tests="2" name="TestRunner.RunnerTest" time="9.698" errors="0" timestamp="2023-06-16T22:22:48 EET" skipped="0">
  <testcase classname="TestRunner.RunnerTest" name="SetUp" time="9.322"/>
  <system-out/>
  <testcase classname="TestRunner.RunnerTest" name="runScenario" time="0.376"/>
  <system-out/>
</testsuite> <!-- TestRunner.RunnerTest -->
